d:\work\c++project\c++learning\c++learning\debug\vc143.pdb
d:\work\c++project\c++learning\c++learning\debug\vc143.idb
d:\work\c++project\c++learning\c++learning\debug\运算符.obj
d:\work\c++project\c++learning\c++learning\debug\选择结构.obj
d:\work\c++project\c++learning\c++learning\debug\跳转语句.obj
d:\work\c++project\c++learning\c++learning\debug\常量.obj
d:\work\c++project\c++learning\c++learning\debug\命令规则.obj
d:\work\c++project\c++learning\c++learning\debug\变量.obj
d:\work\c++project\c++learning\c++learning\debug\关键字.obj
d:\work\c++project\c++learning\c++learning\debug\first.obj
d:\work\c++project\c++learning\c++learning\debug\注释.obj
d:\work\c++project\c++learning\c++learning\debug\数组.obj
d:\work\c++project\c++learning\c++learning\debug\数据类型.obj
d:\work\c++project\c++learning\c++learning\debug\指针.obj
d:\work\c++project\c++learning\c++learning\debug\循环结构.obj
d:\work\c++project\c++learning\c++learning\debug\函数的分文件编写.obj
d:\work\c++project\c++learning\c++learning\debug\函数.obj
d:\work\c++project\c++learning\c++learning\debug\swap.obj
d:\work\c++project\c++learning\c++learning\debug\结构体案例.obj
d:\work\c++project\c++learning\c++learning\debug\结构体.obj
d:\work\c++project\c++learning\c++learning\debug\c++learning.ilk
d:\work\c++project\c++learning\debug\c++learning.exe
d:\work\c++project\c++learning\debug\c++learning.pdb
d:\work\c++project\c++learning\c++learning\debug\c++learning.tlog\cl.command.1.tlog
d:\work\c++project\c++learning\c++learning\debug\c++learning.tlog\cl.read.1.tlog
d:\work\c++project\c++learning\c++learning\debug\c++learning.tlog\cl.write.1.tlog
d:\work\c++project\c++learning\c++learning\debug\c++learning.tlog\link.19276-cvtres.read.1.tlog
d:\work\c++project\c++learning\c++learning\debug\c++learning.tlog\link.19276-cvtres.write.1.tlog
d:\work\c++project\c++learning\c++learning\debug\c++learning.tlog\link.19276-rc.read.1.tlog
d:\work\c++project\c++learning\c++learning\debug\c++learning.tlog\link.19276-rc.write.1.tlog
d:\work\c++project\c++learning\c++learning\debug\c++learning.tlog\link.19276.read.1.tlog
d:\work\c++project\c++learning\c++learning\debug\c++learning.tlog\link.19276.write.1.tlog
d:\work\c++project\c++learning\c++learning\debug\c++learning.tlog\link.command.1.tlog
d:\work\c++project\c++learning\c++learning\debug\c++learning.tlog\link.read.1.tlog
d:\work\c++project\c++learning\c++learning\debug\c++learning.tlog\link.write.1.tlog
